build/outputs/logs/manifest-merger-debug-report.txt
-- Merging decision tree log ---
manifest
ADDED from src\main\AndroidManifest.xml:2:1-62:12
	package
		ADDED from src\main\AndroidManifest.xml:4:5-27
	android:versionName
		ADDED from src\main\AndroidManifest.xml:7:5-30
		INJECTED from src\main\AndroidManifest.xml
		INJECTED from src\main\AndroidManifest.xml
	xmlns:tools
		ADDED from src\main\AndroidManifest.xml:3:5-51
	android:versionCode
		ADDED from src\main\AndroidManifest.xml:6:5-28
		INJECTED from src\main\AndroidManifest.xml
		INJECTED from src\main\AndroidManifest.xml
	xmlns:android
		ADDED from src\main\AndroidManifest.xml:2:11-69
	android:installLocation
		ADDED from src\main\AndroidManifest.xml:5:5-45
	android:theme
		ADDED from src\main\AndroidManifest.xml:8:5-36
uses-sdk
ADDED from src\main\AndroidManifest.xml:10:3-12:39
MERGED from [com.android.support:appcompat-v7:25.1.1] AndroidManifest.xml:21:5-23:78
MERGED from [com.android.support:support-v4:25.1.1] AndroidManifest.xml:21:5-23:54
MERGED from [com.android.support:support-compat:25.1.1] AndroidManifest.xml:21:5-23:58
MERGED from [com.android.support:support-media-compat:25.1.1] AndroidManifest.xml:21:5-23:63
MERGED from [com.android.support:support-compat:25.1.1] AndroidManifest.xml:21:5-23:58
MERGED from [com.android.support:support-core-utils:25.1.1] AndroidManifest.xml:21:5-23:61
MERGED from [com.android.support:support-compat:25.1.1] AndroidManifest.xml:21:5-23:58
MERGED from [com.android.support:support-core-ui:25.1.1] AndroidManifest.xml:21:5-23:58
MERGED from [com.android.support:support-compat:25.1.1] AndroidManifest.xml:21:5-23:58
MERGED from [com.android.support:support-fragment:25.1.1] AndroidManifest.xml:21:5-23:60
MERGED from [com.android.support:support-compat:25.1.1] AndroidManifest.xml:21:5-23:58
MERGED from [com.android.support:support-media-compat:25.1.1] AndroidManifest.xml:21:5-23:63
MERGED from [com.android.support:support-compat:25.1.1] AndroidManifest.xml:21:5-23:58
MERGED from [com.android.support:support-core-ui:25.1.1] AndroidManifest.xml:21:5-23:58
MERGED from [com.android.support:support-compat:25.1.1] AndroidManifest.xml:21:5-23:58
MERGED from [com.android.support:support-core-utils:25.1.1] AndroidManifest.xml:21:5-23:61
MERGED from [com.android.support:support-compat:25.1.1] AndroidManifest.xml:21:5-23:58
MERGED from [com.android.support:support-vector-drawable:25.1.1] AndroidManifest.xml:21:5-43
MERGED from [com.android.support:support-compat:25.1.1] AndroidManifest.xml:21:5-23:58
MERGED from [com.android.support:animated-vector-drawable:25.1.1] AndroidManifest.xml:20:5-44
MERGED from [com.android.support:support-vector-drawable:25.1.1] AndroidManifest.xml:21:5-43
MERGED from [com.android.support:support-compat:25.1.1] AndroidManifest.xml:21:5-23:58
	tools:overrideLibrary
		ADDED from [com.android.support:appcompat-v7:25.1.1] AndroidManifest.xml:23:9-75
	android:targetSdkVersion
		ADDED from src\main\AndroidManifest.xml:12:7-36
		INJECTED from src\main\AndroidManifest.xml
		INJECTED from src\main\AndroidManifest.xml
	android:minSdkVersion
		ADDED from src\main\AndroidManifest.xml:11:7-32
uses-permission#android.permission.INTERNET
ADDED from src\main\AndroidManifest.xml:14:3-65
	android:name
		ADDED from src\main\AndroidManifest.xml:14:20-62
supports-screens
ADDED from src\main\AndroidManifest.xml:16:3-21:38
	android:largeScreens
		ADDED from src\main\AndroidManifest.xml:18:7-34
	android:smallScreens
		ADDED from src\main\AndroidManifest.xml:20:7-34
	android:normalScreens
		ADDED from src\main\AndroidManifest.xml:19:7-35
	android:xlargeScreens
		ADDED from src\main\AndroidManifest.xml:21:7-35
	android:anyDensity
		ADDED from src\main\AndroidManifest.xml:17:7-32
uses-feature#0x00020000
ADDED from src\main\AndroidManifest.xml:23:3-52
	android:glEsVersion
		ADDED from src\main\AndroidManifest.xml:23:17-49
uses-feature#android.hardware.touchscreen
ADDED from src\main\AndroidManifest.xml:24:3-26:34
	android:required
		ADDED from src\main\AndroidManifest.xml:26:7-31
	android:name
		ADDED from src\main\AndroidManifest.xml:25:7-50
uses-feature#android.hardware.touchscreen.multitouch
ADDED from src\main\AndroidManifest.xml:27:3-29:34
	android:required
		ADDED from src\main\AndroidManifest.xml:29:7-31
	android:name
		ADDED from src\main\AndroidManifest.xml:28:7-61
uses-feature#android.hardware.touchscreen.multitouch.distinct
ADDED from src\main\AndroidManifest.xml:30:3-32:34
	android:required
		ADDED from src\main\AndroidManifest.xml:32:7-31
	android:name
		ADDED from src\main\AndroidManifest.xml:31:7-70
android:uses-permission#android.permission.WRITE_EXTERNAL_STORAGE
ADDED from src\main\AndroidManifest.xml:34:3-87
	android:name
		ADDED from src\main\AndroidManifest.xml:34:28-84
android:uses-permission#android.permission.READ_PHONE_STATE
ADDED from src\main\AndroidManifest.xml:35:3-81
	android:name
		ADDED from src\main\AndroidManifest.xml:35:28-78
android:uses-permission#android.permission.READ_EXTERNAL_STORAGE
ADDED from src\main\AndroidManifest.xml:36:3-86
	android:name
		ADDED from src\main\AndroidManifest.xml:36:28-83
application
ADDED from src\main\AndroidManifest.xml:38:3-60:17
MERGED from [com.android.support:appcompat-v7:25.1.1] AndroidManifest.xml:25:5-20
MERGED from [com.android.support:support-v4:25.1.1] AndroidManifest.xml:25:5-20
MERGED from [com.android.support:support-compat:25.1.1] AndroidManifest.xml:25:5-20
MERGED from [com.android.support:support-media-compat:25.1.1] AndroidManifest.xml:25:5-20
MERGED from [com.android.support:support-compat:25.1.1] AndroidManifest.xml:25:5-20
MERGED from [com.android.support:support-core-utils:25.1.1] AndroidManifest.xml:25:5-20
MERGED from [com.android.support:support-compat:25.1.1] AndroidManifest.xml:25:5-20
MERGED from [com.android.support:support-core-ui:25.1.1] AndroidManifest.xml:25:5-20
MERGED from [com.android.support:support-compat:25.1.1] AndroidManifest.xml:25:5-20
MERGED from [com.android.support:support-fragment:25.1.1] AndroidManifest.xml:25:5-20
MERGED from [com.android.support:support-compat:25.1.1] AndroidManifest.xml:25:5-20
MERGED from [com.android.support:support-media-compat:25.1.1] AndroidManifest.xml:25:5-20
MERGED from [com.android.support:support-compat:25.1.1] AndroidManifest.xml:25:5-20
MERGED from [com.android.support:support-core-ui:25.1.1] AndroidManifest.xml:25:5-20
MERGED from [com.android.support:support-compat:25.1.1] AndroidManifest.xml:25:5-20
MERGED from [com.android.support:support-core-utils:25.1.1] AndroidManifest.xml:25:5-20
MERGED from [com.android.support:support-compat:25.1.1] AndroidManifest.xml:25:5-20
MERGED from [com.android.support:support-vector-drawable:25.1.1] AndroidManifest.xml:23:5-20
MERGED from [com.android.support:support-compat:25.1.1] AndroidManifest.xml:25:5-20
MERGED from [com.android.support:animated-vector-drawable:25.1.1] AndroidManifest.xml:22:5-20
MERGED from [com.android.support:support-vector-drawable:25.1.1] AndroidManifest.xml:23:5-20
MERGED from [com.android.support:support-compat:25.1.1] AndroidManifest.xml:25:5-20
	android:icon
		ADDED from src\main\AndroidManifest.xml:40:7-40
	android:banner
		ADDED from src\main\AndroidManifest.xml:39:7-44
activity#com.MJ.Lingo.UnityPlayerActivity
ADDED from src\main\AndroidManifest.xml:41:5-51:16
	android:screenOrientation
		ADDED from src\main\AndroidManifest.xml:46:9-46
	android:label
		ADDED from src\main\AndroidManifest.xml:44:9-41
	android:launchMode
		ADDED from src\main\AndroidManifest.xml:45:9-40
	android:configChanges
		ADDED from src\main\AndroidManifest.xml:43:9-166
	android:name
		ADDED from src\main\AndroidManifest.xml:42:9-44
meta-data#unityplayer.UnityActivity
ADDED from src\main\AndroidManifest.xml:48:7-50:34
	android:value
		ADDED from src\main\AndroidManifest.xml:50:11-31
	android:name
		ADDED from src\main\AndroidManifest.xml:49:11-51
activity#com.MJ.Lingo.MainActivity
ADDED from src\main\AndroidManifest.xml:52:5-59:16
	android:screenOrientation
		ADDED from src\main\AndroidManifest.xml:54:9-46
	android:theme
		ADDED from src\main\AndroidManifest.xml:53:9-40
	android:name
		ADDED from src\main\AndroidManifest.xml:52:15-43
intent-filter#android.intent.action.MAIN+android.intent.category.LAUNCHER
ADDED from src\main\AndroidManifest.xml:55:7-58:23
action#android.intent.action.MAIN
ADDED from src\main\AndroidManifest.xml:56:9-61
	android:name
		ADDED from src\main\AndroidManifest.xml:56:17-58
category#android.intent.category.LAUNCHER
ADDED from src\main\AndroidManifest.xml:57:9-69
	android:name
		ADDED from src\main\AndroidManifest.xml:57:19-66